0:0:0:0:0:0:0:1 - - [18/Oct/2025:14:05:05 +0900] "GET /api/reservations/recent HTTP/1.1" 401 11650
0:0:0:0:0:0:0:1 - - [18/Oct/2025:14:05:25 +0900] "GET /api/reservations/recent HTTP/1.1" 401 11650
0:0:0:0:0:0:0:1 - - [18/Oct/2025:14:07:50 +0900] "POST /auth/login HTTP/1.1" 409 -
0:0:0:0:0:0:0:1 - - [18/Oct/2025:14:17:40 +0900] "POST /auth/login HTTP/1.1" 409 -
0:0:0:0:0:0:0:1 - - [18/Oct/2025:14:18:35 +0900] "POST /auth/logout HTTP/1.1" 400 56
0:0:0:0:0:0:0:1 - - [18/Oct/2025:14:26:21 +0900] "POST /auth/login HTTP/1.1" 409 -
0:0:0:0:0:0:0:1 - - [18/Oct/2025:14:29:46 +0900] "POST /auth/logout HTTP/1.1" 400 14919
0:0:0:0:0:0:0:1 - - [18/Oct/2025:14:31:46 +0900] "POST /auth/login HTTP/1.1" 200 448
0:0:0:0:0:0:0:1 - - [18/Oct/2025:14:32:55 +0900] "GET /api/reservations/recent HTTP/1.1" 200 849
0:0:0:0:0:0:0:1 - - [18/Oct/2025:14:49:53 +0900] "POST /auth/login HTTP/1.1" 200 448
0:0:0:0:0:0:0:1 - - [18/Oct/2025:14:51:00 +0900] "POST /api/favorites HTTP/1.1" 400 12264
0:0:0:0:0:0:0:1 - - [18/Oct/2025:14:51:10 +0900] "POST /api/favorites HTTP/1.1" 400 12264
0:0:0:0:0:0:0:1 - - [18/Oct/2025:14:52:03 +0900] "POST /api/favorites HTTP/1.1" 200 269
0:0:0:0:0:0:0:1 - - [18/Oct/2025:14:52:59 +0900] "GET /api/favorites/top3 HTTP/1.1" 200 271
0:0:0:0:0:0:0:1 - - [18/Oct/2025:14:57:03 +0900] "POST /api/favorites HTTP/1.1" 200 269
0:0:0:0:0:0:0:1 - - [18/Oct/2025:14:57:19 +0900] "POST /api/favorites HTTP/1.1" 200 269
0:0:0:0:0:0:0:1 - - [18/Oct/2025:14:57:35 +0900] "POST /api/favorites HTTP/1.1" 200 269
0:0:0:0:0:0:0:1 - - [18/Oct/2025:15:03:08 +0900] "POST /api/favorites HTTP/1.1" 200 269
0:0:0:0:0:0:0:1 - - [18/Oct/2025:15:04:01 +0900] "POST /api/favorites HTTP/1.1" 200 262
0:0:0:0:0:0:0:1 - - [18/Oct/2025:15:04:40 +0900] "POST /api/favorites HTTP/1.1" 200 265
0:0:0:0:0:0:0:1 - - [18/Oct/2025:15:05:37 +0900] "POST /api/favorites HTTP/1.1" 200 269
0:0:0:0:0:0:0:1 - - [18/Oct/2025:19:47:24 +0900] "POST /auth/login HTTP/1.1" 200 448
0:0:0:0:0:0:0:1 - - [18/Oct/2025:19:47:45 +0900] "GET /api/reservations HTTP/1.1" 401 11644
0:0:0:0:0:0:0:1 - - [18/Oct/2025:19:48:24 +0900] "GET /api/reservations HTTP/1.1" 401 11644
0:0:0:0:0:0:0:1 - - [18/Oct/2025:19:51:17 +0900] "GET /api/reservations HTTP/1.1" 200 1938
185.247.137.183 - - [18/Oct/2025:20:48:42 +0900] "GET / HTTP/1.1" 401 24
